Using pre-set license
Built from '2020.2/staging' branch; Version is '2020.2.3f1 (8ff31bc5bf5b) revision 9433883'; Using compiler version '192528614'; Build Type 'Release'
OS: 'Windows 10 Home; OS build 19041.804; Version 2004; 64bit' Language: 'en' Physical Memory: 32677 MB
BatchMode: 1, IsHumanControllingUs: 0, StartBugReporterOnCrash: 0, Is64bit: 1, IsPro: 0

 COMMAND LINE ARGUMENTS:
C:\Users\dorkd\Documents\Unity Projects\2020.2.3f1\Editor\Unity.exe
-adb2
-batchMode
-noUpm
-name
AssetImportWorker0
-projectPath
C:/Users/dorkd/Documents/GitHub/FruitPunch/Fruit_Punch
-logFile
Logs/AssetImportWorker0.log
-srvPort
52754
Successfully changed project path to: C:/Users/dorkd/Documents/GitHub/FruitPunch/Fruit_Punch
C:/Users/dorkd/Documents/GitHub/FruitPunch/Fruit_Punch
Using Asset Import Pipeline V2.
Refreshing native plugins compatible for Editor in 33.36 ms, found 1 plugins.
Preloading 0 native plugins for Editor in 0.00 ms.
Initialize engine version: 2020.2.3f1 (8ff31bc5bf5b)
[Subsystems] Discovering subsystems at path C:/Users/dorkd/Documents/Unity Projects/2020.2.3f1/Editor/Data/Resources/UnitySubsystems
[Subsystems] Discovering subsystems at path C:/Users/dorkd/Documents/GitHub/FruitPunch/Fruit_Punch/Assets
GfxDevice: creating device client; threaded=0
Direct3D:
    Version:  Direct3D 11.0 [level 11.1]
    Renderer: Radeon RX Vega (ID=0x687f)
    Vendor:   
    VRAM:     8120 MB
    Driver:   27.20.12027.1001
Initialize mono
Mono path[0] = 'C:/Users/dorkd/Documents/Unity Projects/2020.2.3f1/Editor/Data/Managed'
Mono path[1] = 'C:/Users/dorkd/Documents/Unity Projects/2020.2.3f1/Editor/Data/MonoBleedingEdge/lib/mono/unityjit'
Mono config path = 'C:/Users/dorkd/Documents/Unity Projects/2020.2.3f1/Editor/Data/MonoBleedingEdge/etc'
Using monoOptions --debugger-agent=transport=dt_socket,embedding=1,server=y,suspend=n,address=127.0.0.1:56500
Begin MonoManager ReloadAssembly
Registering precompiled unity dll's ...
Register platform support module: C:/Users/dorkd/Documents/Unity Projects/2020.2.3f1/Editor/Data/PlaybackEngines/WindowsStandaloneSupport/UnityEditor.WindowsStandalone.Extensions.dll
Registered in 0.001734 seconds.
Native extension for WindowsStandalone target not found
Refreshing native plugins compatible for Editor in 30.70 ms, found 1 plugins.
Preloading 0 native plugins for Editor in 0.00 ms.
Invoked RoslynAnalysisRunner static constructor.
RoslynAnalysisRunner will not be running.
RoslynAnalysisRunner has terminated.
Mono: successfully reloaded assembly
- Completed reload, in  0.884 seconds
Platform modules already initialized, skipping
Registering precompiled user dll's ...
Registered in 0.000794 seconds.
Begin MonoManager ReloadAssembly
Native extension for WindowsStandalone target not found
Refreshing native plugins compatible for Editor in 31.43 ms, found 1 plugins.
Preloading 0 native plugins for Editor in 0.00 ms.
Invoked RoslynAnalysisRunner static constructor.
RoslynAnalysisRunner will not be running.
RoslynAnalysisRunner has terminated.
Mono: successfully reloaded assembly
- Completed reload, in  0.718 seconds
Platform modules already initialized, skipping
========================================================================
Worker process is ready to serve import requests
Launched and connected shader compiler UnityShaderCompiler.exe after 0.04 seconds
Refreshing native plugins compatible for Editor in 0.33 ms, found 1 plugins.
Preloading 0 native plugins for Editor in 0.00 ms.
Unloading 1785 Unused Serialized files (Serialized files now loaded: 0)
System memory in use before: 85.5 MB.
System memory in use after: 85.6 MB.

Unloading 19 unused Assets to reduce memory usage. Loaded Objects now: 2232.
Total: 1.942000 ms (FindLiveObjects: 0.193500 ms CreateObjectMapping: 0.049400 ms MarkObjects: 1.631200 ms  DeleteObjects: 0.066600 ms)

========================================================================
Received Import Request.
  path: Assets/Sprites/Menu3.png
  artifactKey: Guid(159905dd0e5fac1459927236eb117056) Importer(815301076,1909f56bfc062723c751e8b465ee728b)
Start importing Assets/Sprites/Menu3.png using Guid(159905dd0e5fac1459927236eb117056) Importer(815301076,1909f56bfc062723c751e8b465ee728b)  -> (artifact id: '50896b8181b0897916c4eb41f6c79c4d') in 0.096267 seconds
  Import took 0.098898 seconds .

========================================================================
Received Import Request.
  Time since last request: 8.893234 seconds.
  path: Assets/Sprites/Menu3.png
  artifactKey: Guid(159905dd0e5fac1459927236eb117056) Importer(815301076,1909f56bfc062723c751e8b465ee728b)
Start importing Assets/Sprites/Menu3.png using Guid(159905dd0e5fac1459927236eb117056) Importer(815301076,1909f56bfc062723c751e8b465ee728b)  -> (artifact id: '706eb41a70890caf7c0bc42bcad7f24b') in 0.030443 seconds
  Import took 0.032986 seconds .

========================================================================
Received Import Request.
  Time since last request: 292.638532 seconds.
  path: Assets/Sprites/Play.png
  artifactKey: Guid(5ba896d13e87c2d42a9a72e453bbd035) Importer(815301076,1909f56bfc062723c751e8b465ee728b)
Start importing Assets/Sprites/Play.png using Guid(5ba896d13e87c2d42a9a72e453bbd035) Importer(815301076,1909f56bfc062723c751e8b465ee728b)  -> (artifact id: '4805849e8d49d5d049d947ea778bff38') in 0.010337 seconds
  Import took 0.013143 seconds .

========================================================================
Received Import Request.
  Time since last request: 0.000296 seconds.
  path: Assets/Sprites/Quit.png
  artifactKey: Guid(df840aece94af0b4b994cf8fef510343) Importer(815301076,1909f56bfc062723c751e8b465ee728b)
Start importing Assets/Sprites/Quit.png using Guid(df840aece94af0b4b994cf8fef510343) Importer(815301076,1909f56bfc062723c751e8b465ee728b)  -> (artifact id: '80824503c77284f46e4378c1cf7548bb') in 0.009673 seconds
  Import took 0.012235 seconds .

========================================================================
Received Import Request.
  Time since last request: 0.005004 seconds.
  path: Assets/Sprites/Quit.png
  artifactKey: Guid(df840aece94af0b4b994cf8fef510343) Importer(815301076,1909f56bfc062723c751e8b465ee728b)
Start importing Assets/Sprites/Quit.png using Guid(df840aece94af0b4b994cf8fef510343) Importer(815301076,1909f56bfc062723c751e8b465ee728b)  -> (artifact id: '80824503c77284f46e4378c1cf7548bb') in 0.006514 seconds
  Import took 0.009203 seconds .

========================================================================
Received Import Request.
  Time since last request: 5.824846 seconds.
  path: Assets/Sprites/Play.png
  artifactKey: Guid(5ba896d13e87c2d42a9a72e453bbd035) Importer(815301076,1909f56bfc062723c751e8b465ee728b)
Start importing Assets/Sprites/Play.png using Guid(5ba896d13e87c2d42a9a72e453bbd035) Importer(815301076,1909f56bfc062723c751e8b465ee728b)  -> (artifact id: 'cc47f2a1c0969806ee444f63ca7de593') in 0.008777 seconds
  Import took 0.011332 seconds .

========================================================================
Received Import Request.
  Time since last request: 0.004095 seconds.
  path: Assets/Sprites/Play.png
  artifactKey: Guid(5ba896d13e87c2d42a9a72e453bbd035) Importer(815301076,1909f56bfc062723c751e8b465ee728b)
Start importing Assets/Sprites/Play.png using Guid(5ba896d13e87c2d42a9a72e453bbd035) Importer(815301076,1909f56bfc062723c751e8b465ee728b)  -> (artifact id: 'cc47f2a1c0969806ee444f63ca7de593') in 0.006785 seconds
  Import took 0.009311 seconds .

========================================================================
Received Import Request.
  Time since last request: 0.000223 seconds.
  path: Assets/Sprites/Quit.png
  artifactKey: Guid(df840aece94af0b4b994cf8fef510343) Importer(815301076,1909f56bfc062723c751e8b465ee728b)
Start importing Assets/Sprites/Quit.png using Guid(df840aece94af0b4b994cf8fef510343) Importer(815301076,1909f56bfc062723c751e8b465ee728b)  -> (artifact id: '8382002f2c8ed7888b99d79769482da0') in 0.009081 seconds
  Import took 0.011779 seconds .

========================================================================
Received Prepare
Registering precompiled user dll's ...
Registered in 0.000863 seconds.
Begin MonoManager ReloadAssembly
Native extension for WindowsStandalone target not found
Refreshing native plugins compatible for Editor in 0.34 ms, found 1 plugins.
Preloading 0 native plugins for Editor in 0.00 ms.
Invoked RoslynAnalysisRunner static constructor.
RoslynAnalysisRunner will not be running.
RoslynAnalysisRunner has terminated.
Mono: successfully reloaded assembly
- Completed reload, in  0.669 seconds
Platform modules already initialized, skipping
Refreshing native plugins compatible for Editor in 0.37 ms, found 1 plugins.
Preloading 0 native plugins for Editor in 0.00 ms.
Unloading 1762 Unused Serialized files (Serialized files now loaded: 0)
System memory in use before: 87.2 MB.
System memory in use after: 87.3 MB.

Unloading 8 unused Assets to reduce memory usage. Loaded Objects now: 2242.
Total: 1.942300 ms (FindLiveObjects: 0.191900 ms CreateObjectMapping: 0.045100 ms MarkObjects: 1.687100 ms  DeleteObjects: 0.017200 ms)

========================================================================
Received Prepare
Registering precompiled user dll's ...
Registered in 0.000824 seconds.
Begin MonoManager ReloadAssembly
Native extension for WindowsStandalone target not found
Refreshing native plugins compatible for Editor in 0.33 ms, found 1 plugins.
Preloading 0 native plugins for Editor in 0.00 ms.
Invoked RoslynAnalysisRunner static constructor.
RoslynAnalysisRunner will not be running.
RoslynAnalysisRunner has terminated.
Mono: successfully reloaded assembly
- Completed reload, in  0.660 seconds
Platform modules already initialized, skipping
Refreshing native plugins compatible for Editor in 0.32 ms, found 1 plugins.
Preloading 0 native plugins for Editor in 0.00 ms.
Unloading 1762 Unused Serialized files (Serialized files now loaded: 0)
System memory in use before: 87.3 MB.
System memory in use after: 87.4 MB.

Unloading 8 unused Assets to reduce memory usage. Loaded Objects now: 2244.
Total: 1.771000 ms (FindLiveObjects: 0.201300 ms CreateObjectMapping: 0.040600 ms MarkObjects: 1.511700 ms  DeleteObjects: 0.016100 ms)

========================================================================
Received Prepare
Registering precompiled user dll's ...
Registered in 0.000839 seconds.
Begin MonoManager ReloadAssembly
Native extension for WindowsStandalone target not found
Refreshing native plugins compatible for Editor in 0.32 ms, found 1 plugins.
Preloading 0 native plugins for Editor in 0.00 ms.
Invoked RoslynAnalysisRunner static constructor.
RoslynAnalysisRunner will not be running.
RoslynAnalysisRunner has terminated.
Mono: successfully reloaded assembly
- Completed reload, in  0.657 seconds
Platform modules already initialized, skipping
Refreshing native plugins compatible for Editor in 0.29 ms, found 1 plugins.
Preloading 0 native plugins for Editor in 0.00 ms.
Unloading 1762 Unused Serialized files (Serialized files now loaded: 0)
System memory in use before: 87.3 MB.
System memory in use after: 87.4 MB.

Unloading 8 unused Assets to reduce memory usage. Loaded Objects now: 2246.
Total: 1.862600 ms (FindLiveObjects: 0.184700 ms CreateObjectMapping: 0.039000 ms MarkObjects: 1.622200 ms  DeleteObjects: 0.015900 ms)

========================================================================
Received Prepare
Registering precompiled user dll's ...
Registered in 0.000885 seconds.
Begin MonoManager ReloadAssembly
Native extension for WindowsStandalone target not found
Refreshing native plugins compatible for Editor in 0.32 ms, found 1 plugins.
Preloading 0 native plugins for Editor in 0.00 ms.
Invoked RoslynAnalysisRunner static constructor.
RoslynAnalysisRunner will not be running.
RoslynAnalysisRunner has terminated.
Mono: successfully reloaded assembly
- Completed reload, in  0.687 seconds
Platform modules already initialized, skipping
Refreshing native plugins compatible for Editor in 0.34 ms, found 1 plugins.
Preloading 0 native plugins for Editor in 0.00 ms.
Unloading 1762 Unused Serialized files (Serialized files now loaded: 0)
System memory in use before: 87.3 MB.
System memory in use after: 87.4 MB.

Unloading 8 unused Assets to reduce memory usage. Loaded Objects now: 2248.
Total: 1.720200 ms (FindLiveObjects: 0.185200 ms CreateObjectMapping: 0.039200 ms MarkObjects: 1.476800 ms  DeleteObjects: 0.017600 ms)

========================================================================
Received Prepare
Registering precompiled user dll's ...
Registered in 0.001043 seconds.
Begin MonoManager ReloadAssembly
Native extension for WindowsStandalone target not found
Refreshing native plugins compatible for Editor in 0.34 ms, found 1 plugins.
Preloading 0 native plugins for Editor in 0.00 ms.
Invoked RoslynAnalysisRunner static constructor.
RoslynAnalysisRunner will not be running.
RoslynAnalysisRunner has terminated.
Mono: successfully reloaded assembly
- Completed reload, in  0.654 seconds
Platform modules already initialized, skipping
Refreshing native plugins compatible for Editor in 0.32 ms, found 1 plugins.
Preloading 0 native plugins for Editor in 0.00 ms.
Unloading 1762 Unused Serialized files (Serialized files now loaded: 0)
System memory in use before: 87.3 MB.
System memory in use after: 87.4 MB.

Unloading 8 unused Assets to reduce memory usage. Loaded Objects now: 2250.
Total: 1.839000 ms (FindLiveObjects: 0.178900 ms CreateObjectMapping: 0.037400 ms MarkObjects: 1.605800 ms  DeleteObjects: 0.016000 ms)

========================================================================
Received Prepare
Registering precompiled user dll's ...
Registered in 0.000805 seconds.
Begin MonoManager ReloadAssembly
Native extension for WindowsStandalone target not found
Refreshing native plugins compatible for Editor in 0.35 ms, found 1 plugins.
Preloading 0 native plugins for Editor in 0.00 ms.
Invoked RoslynAnalysisRunner static constructor.
RoslynAnalysisRunner will not be running.
RoslynAnalysisRunner has terminated.
Mono: successfully reloaded assembly
- Completed reload, in  0.665 seconds
Platform modules already initialized, skipping
Refreshing native plugins compatible for Editor in 0.31 ms, found 1 plugins.
Preloading 0 native plugins for Editor in 0.00 ms.
Unloading 1762 Unused Serialized files (Serialized files now loaded: 0)
System memory in use before: 87.3 MB.
System memory in use after: 87.4 MB.

Unloading 8 unused Assets to reduce memory usage. Loaded Objects now: 2252.
Total: 1.616000 ms (FindLiveObjects: 0.191900 ms CreateObjectMapping: 0.043500 ms MarkObjects: 1.367600 ms  DeleteObjects: 0.012200 ms)

========================================================================
Received Prepare
Registering precompiled user dll's ...
Registered in 0.000852 seconds.
Begin MonoManager ReloadAssembly
Native extension for WindowsStandalone target not found
Refreshing native plugins compatible for Editor in 0.33 ms, found 1 plugins.
Preloading 0 native plugins for Editor in 0.00 ms.
Invoked RoslynAnalysisRunner static constructor.
RoslynAnalysisRunner will not be running.
RoslynAnalysisRunner has terminated.
Mono: successfully reloaded assembly
- Completed reload, in  0.665 seconds
Platform modules already initialized, skipping
Refreshing native plugins compatible for Editor in 0.33 ms, found 1 plugins.
Preloading 0 native plugins for Editor in 0.00 ms.
Unloading 1762 Unused Serialized files (Serialized files now loaded: 0)
System memory in use before: 87.3 MB.
System memory in use after: 87.4 MB.

Unloading 8 unused Assets to reduce memory usage. Loaded Objects now: 2254.
Total: 1.923800 ms (FindLiveObjects: 0.223500 ms CreateObjectMapping: 0.038400 ms MarkObjects: 1.644300 ms  DeleteObjects: 0.016300 ms)

========================================================================
Received Prepare
Registering precompiled user dll's ...
Registered in 0.000731 seconds.
Begin MonoManager ReloadAssembly
Native extension for WindowsStandalone target not found
Refreshing native plugins compatible for Editor in 0.33 ms, found 1 plugins.
Preloading 0 native plugins for Editor in 0.00 ms.
Invoked RoslynAnalysisRunner static constructor.
RoslynAnalysisRunner will not be running.
RoslynAnalysisRunner has terminated.
Mono: successfully reloaded assembly
- Completed reload, in  0.645 seconds
Platform modules already initialized, skipping
Refreshing native plugins compatible for Editor in 0.29 ms, found 1 plugins.
Preloading 0 native plugins for Editor in 0.00 ms.
Unloading 1762 Unused Serialized files (Serialized files now loaded: 0)
System memory in use before: 87.3 MB.
System memory in use after: 87.4 MB.

Unloading 8 unused Assets to reduce memory usage. Loaded Objects now: 2256.
Total: 1.604400 ms (FindLiveObjects: 0.207600 ms CreateObjectMapping: 0.037400 ms MarkObjects: 1.346100 ms  DeleteObjects: 0.012700 ms)

AssetImportWorkerClient::OnTransportError - code=2 error=End of file
